<?xml version="1.0" encoding="UTF-8"?>
<testsuite xmlns:xsi="http://www.w3.org/2001/XMLSchema-instance" xsi:noNamespaceSchemaLocation="https://maven.apache.org/surefire/maven-surefire-plugin/xsd/surefire-test-report.xsd" name="cn.stephen.study.demoproject.DemoprojectApplicationTests" time="3.295" tests="1" errors="0" skipped="0" failures="0">
  <properties>
    <property name="sun.desktop" value="windows"/>
    <property name="awt.toolkit" value="sun.awt.windows.WToolkit"/>
    <property name="file.encoding.pkg" value="sun.io"/>
    <property name="java.specification.version" value="1.8"/>
    <property name="sun.cpu.isalist" value="amd64"/>
    <property name="sun.jnu.encoding" value="GBK"/>
    <property name="java.class.path" value="D:\CodeSpace\ideaCode\project_demo\target\test-classes;D:\CodeSpace\ideaCode\project_demo\target\classes;D:\software\mvn_repo\org\springframework\boot\spring-boot-starter-web\2.3.0.RELEASE\spring-boot-starter-web-2.3.0.RELEASE.jar;D:\software\mvn_repo\org\springframework\boot\spring-boot-starter\2.3.0.RELEASE\spring-boot-starter-2.3.0.RELEASE.jar;D:\software\mvn_repo\org\springframework\boot\spring-boot\2.3.0.RELEASE\spring-boot-2.3.0.RELEASE.jar;D:\software\mvn_repo\org\springframework\boot\spring-boot-autoconfigure\2.3.0.RELEASE\spring-boot-autoconfigure-2.3.0.RELEASE.jar;D:\software\mvn_repo\org\springframework\boot\spring-boot-starter-logging\2.3.0.RELEASE\spring-boot-starter-logging-2.3.0.RELEASE.jar;D:\software\mvn_repo\ch\qos\logback\logback-classic\1.2.3\logback-classic-1.2.3.jar;D:\software\mvn_repo\ch\qos\logback\logback-core\1.2.3\logback-core-1.2.3.jar;D:\software\mvn_repo\org\apache\logging\log4j\log4j-to-slf4j\2.13.2\log4j-to-slf4j-2.13.2.jar;D:\software\mvn_repo\org\apache\logging\log4j\log4j-api\2.13.2\log4j-api-2.13.2.jar;D:\software\mvn_repo\org\slf4j\jul-to-slf4j\1.7.30\jul-to-slf4j-1.7.30.jar;D:\software\mvn_repo\jakarta\annotation\jakarta.annotation-api\1.3.5\jakarta.annotation-api-1.3.5.jar;D:\software\mvn_repo\org\yaml\snakeyaml\1.26\snakeyaml-1.26.jar;D:\software\mvn_repo\org\springframework\boot\spring-boot-starter-json\2.3.0.RELEASE\spring-boot-starter-json-2.3.0.RELEASE.jar;D:\software\mvn_repo\com\fasterxml\jackson\core\jackson-databind\2.11.0\jackson-databind-2.11.0.jar;D:\software\mvn_repo\com\fasterxml\jackson\core\jackson-annotations\2.11.0\jackson-annotations-2.11.0.jar;D:\software\mvn_repo\com\fasterxml\jackson\core\jackson-core\2.11.0\jackson-core-2.11.0.jar;D:\software\mvn_repo\com\fasterxml\jackson\datatype\jackson-datatype-jdk8\2.11.0\jackson-datatype-jdk8-2.11.0.jar;D:\software\mvn_repo\com\fasterxml\jackson\datatype\jackson-datatype-jsr310\2.11.0\jackson-datatype-jsr310-2.11.0.jar;D:\software\mvn_repo\com\fasterxml\jackson\module\jackson-module-parameter-names\2.11.0\jackson-module-parameter-names-2.11.0.jar;D:\software\mvn_repo\org\springframework\boot\spring-boot-starter-tomcat\2.3.0.RELEASE\spring-boot-starter-tomcat-2.3.0.RELEASE.jar;D:\software\mvn_repo\org\apache\tomcat\embed\tomcat-embed-core\9.0.35\tomcat-embed-core-9.0.35.jar;D:\software\mvn_repo\org\glassfish\jakarta.el\3.0.3\jakarta.el-3.0.3.jar;D:\software\mvn_repo\org\apache\tomcat\embed\tomcat-embed-websocket\9.0.35\tomcat-embed-websocket-9.0.35.jar;D:\software\mvn_repo\org\springframework\spring-web\5.2.6.RELEASE\spring-web-5.2.6.RELEASE.jar;D:\software\mvn_repo\org\springframework\spring-beans\5.2.6.RELEASE\spring-beans-5.2.6.RELEASE.jar;D:\software\mvn_repo\org\springframework\spring-webmvc\5.2.6.RELEASE\spring-webmvc-5.2.6.RELEASE.jar;D:\software\mvn_repo\org\springframework\spring-aop\5.2.6.RELEASE\spring-aop-5.2.6.RELEASE.jar;D:\software\mvn_repo\org\springframework\spring-context\5.2.6.RELEASE\spring-context-5.2.6.RELEASE.jar;D:\software\mvn_repo\org\springframework\spring-expression\5.2.6.RELEASE\spring-expression-5.2.6.RELEASE.jar;D:\software\mvn_repo\org\mybatis\spring\boot\mybatis-spring-boot-starter\2.0.0\mybatis-spring-boot-starter-2.0.0.jar;D:\software\mvn_repo\org\springframework\boot\spring-boot-starter-jdbc\2.3.0.RELEASE\spring-boot-starter-jdbc-2.3.0.RELEASE.jar;D:\software\mvn_repo\com\zaxxer\HikariCP\3.4.5\HikariCP-3.4.5.jar;D:\software\mvn_repo\org\springframework\spring-jdbc\5.2.6.RELEASE\spring-jdbc-5.2.6.RELEASE.jar;D:\software\mvn_repo\org\springframework\spring-tx\5.2.6.RELEASE\spring-tx-5.2.6.RELEASE.jar;D:\software\mvn_repo\org\mybatis\spring\boot\mybatis-spring-boot-autoconfigure\2.0.0\mybatis-spring-boot-autoconfigure-2.0.0.jar;D:\software\mvn_repo\org\mybatis\mybatis\3.5.0\mybatis-3.5.0.jar;D:\software\mvn_repo\org\mybatis\mybatis-spring\2.0.0\mybatis-spring-2.0.0.jar;D:\software\mvn_repo\mysql\mysql-connector-java\8.0.20\mysql-connector-java-8.0.20.jar;D:\software\mvn_repo\org\projectlombok\lombok\1.18.12\lombok-1.18.12.jar;D:\software\mvn_repo\com\oracle\ojdbc6\11.2.0.3\ojdbc6-11.2.0.3.jar;D:\software\mvn_repo\org\springframework\boot\spring-boot-starter-test\2.3.0.RELEASE\spring-boot-starter-test-2.3.0.RELEASE.jar;D:\software\mvn_repo\org\springframework\boot\spring-boot-test\2.3.0.RELEASE\spring-boot-test-2.3.0.RELEASE.jar;D:\software\mvn_repo\org\springframework\boot\spring-boot-test-autoconfigure\2.3.0.RELEASE\spring-boot-test-autoconfigure-2.3.0.RELEASE.jar;D:\software\mvn_repo\com\jayway\jsonpath\json-path\2.4.0\json-path-2.4.0.jar;D:\software\mvn_repo\net\minidev\json-smart\2.3\json-smart-2.3.jar;D:\software\mvn_repo\net\minidev\accessors-smart\1.2\accessors-smart-1.2.jar;D:\software\mvn_repo\org\ow2\asm\asm\5.0.4\asm-5.0.4.jar;D:\software\mvn_repo\org\slf4j\slf4j-api\1.7.30\slf4j-api-1.7.30.jar;D:\software\mvn_repo\jakarta\xml\bind\jakarta.xml.bind-api\2.3.3\jakarta.xml.bind-api-2.3.3.jar;D:\software\mvn_repo\jakarta\activation\jakarta.activation-api\1.2.2\jakarta.activation-api-1.2.2.jar;D:\software\mvn_repo\org\assertj\assertj-core\3.16.1\assertj-core-3.16.1.jar;D:\software\mvn_repo\org\hamcrest\hamcrest\2.2\hamcrest-2.2.jar;D:\software\mvn_repo\org\junit\jupiter\junit-jupiter\5.6.2\junit-jupiter-5.6.2.jar;D:\software\mvn_repo\org\junit\jupiter\junit-jupiter-api\5.6.2\junit-jupiter-api-5.6.2.jar;D:\software\mvn_repo\org\opentest4j\opentest4j\1.2.0\opentest4j-1.2.0.jar;D:\software\mvn_repo\org\junit\platform\junit-platform-commons\1.6.2\junit-platform-commons-1.6.2.jar;D:\software\mvn_repo\org\junit\jupiter\junit-jupiter-params\5.6.2\junit-jupiter-params-5.6.2.jar;D:\software\mvn_repo\org\junit\jupiter\junit-jupiter-engine\5.6.2\junit-jupiter-engine-5.6.2.jar;D:\software\mvn_repo\org\junit\vintage\junit-vintage-engine\5.6.2\junit-vintage-engine-5.6.2.jar;D:\software\mvn_repo\org\apiguardian\apiguardian-api\1.1.0\apiguardian-api-1.1.0.jar;D:\software\mvn_repo\org\junit\platform\junit-platform-engine\1.6.2\junit-platform-engine-1.6.2.jar;D:\software\mvn_repo\junit\junit\4.13\junit-4.13.jar;D:\software\mvn_repo\org\mockito\mockito-core\3.3.3\mockito-core-3.3.3.jar;D:\software\mvn_repo\net\bytebuddy\byte-buddy\1.10.10\byte-buddy-1.10.10.jar;D:\software\mvn_repo\net\bytebuddy\byte-buddy-agent\1.10.10\byte-buddy-agent-1.10.10.jar;D:\software\mvn_repo\org\objenesis\objenesis\2.6\objenesis-2.6.jar;D:\software\mvn_repo\org\mockito\mockito-junit-jupiter\3.3.3\mockito-junit-jupiter-3.3.3.jar;D:\software\mvn_repo\org\skyscreamer\jsonassert\1.5.0\jsonassert-1.5.0.jar;D:\software\mvn_repo\com\vaadin\external\google\android-json\0.0.20131108.vaadin1\android-json-0.0.20131108.vaadin1.jar;D:\software\mvn_repo\org\springframework\spring-core\5.2.6.RELEASE\spring-core-5.2.6.RELEASE.jar;D:\software\mvn_repo\org\springframework\spring-jcl\5.2.6.RELEASE\spring-jcl-5.2.6.RELEASE.jar;D:\software\mvn_repo\org\springframework\spring-test\5.2.6.RELEASE\spring-test-5.2.6.RELEASE.jar;D:\software\mvn_repo\org\xmlunit\xmlunit-core\2.7.0\xmlunit-core-2.7.0.jar;D:\software\mvn_repo\com\github\pagehelper\pagehelper-spring-boot-starter\1.2.12\pagehelper-spring-boot-starter-1.2.12.jar;D:\software\mvn_repo\com\github\pagehelper\pagehelper-spring-boot-autoconfigure\1.2.12\pagehelper-spring-boot-autoconfigure-1.2.12.jar;D:\software\mvn_repo\com\github\pagehelper\pagehelper\5.1.10\pagehelper-5.1.10.jar;D:\software\mvn_repo\com\github\jsqlparser\jsqlparser\2.0\jsqlparser-2.0.jar;D:\software\mvn_repo\org\apache\shiro\shiro-spring\1.4.2\shiro-spring-1.4.2.jar;D:\software\mvn_repo\org\apache\shiro\shiro-core\1.4.2\shiro-core-1.4.2.jar;D:\software\mvn_repo\org\apache\shiro\shiro-lang\1.4.2\shiro-lang-1.4.2.jar;D:\software\mvn_repo\org\apache\shiro\shiro-cache\1.4.2\shiro-cache-1.4.2.jar;D:\software\mvn_repo\org\apache\shiro\shiro-crypto-hash\1.4.2\shiro-crypto-hash-1.4.2.jar;D:\software\mvn_repo\org\apache\shiro\shiro-crypto-core\1.4.2\shiro-crypto-core-1.4.2.jar;D:\software\mvn_repo\org\apache\shiro\shiro-crypto-cipher\1.4.2\shiro-crypto-cipher-1.4.2.jar;D:\software\mvn_repo\org\apache\shiro\shiro-config-core\1.4.2\shiro-config-core-1.4.2.jar;D:\software\mvn_repo\org\apache\shiro\shiro-config-ogdl\1.4.2\shiro-config-ogdl-1.4.2.jar;D:\software\mvn_repo\commons-beanutils\commons-beanutils\1.9.3\commons-beanutils-1.9.3.jar;D:\software\mvn_repo\commons-collections\commons-collections\3.2.2\commons-collections-3.2.2.jar;D:\software\mvn_repo\org\apache\shiro\shiro-event\1.4.2\shiro-event-1.4.2.jar;D:\software\mvn_repo\org\apache\shiro\shiro-web\1.4.2\shiro-web-1.4.2.jar;"/>
    <property name="java.vm.vendor" value="Oracle Corporation"/>
    <property name="sun.arch.data.model" value="64"/>
    <property name="user.variant" value=""/>
    <property name="java.vendor.url" value="http://java.oracle.com/"/>
    <property name="user.timezone" value="Asia/Shanghai"/>
    <property name="java.vm.specification.version" value="1.8"/>
    <property name="os.name" value="Windows 10"/>
    <property name="user.country" value="CN"/>
    <property name="sun.java.launcher" value="SUN_STANDARD"/>
    <property name="sun.boot.library.path" value="C:\Program Files\Java\jdk1.8.0_261\jre\bin"/>
    <property name="sun.java.command" value="C:\Users\asda\AppData\Local\Temp\surefire3948253489406411756\surefirebooter3996196126740073047.jar C:\Users\asda\AppData\Local\Temp\surefire3948253489406411756 2020-08-08T13-50-30_129-jvmRun1 surefire5308470982419760060tmp surefire_01876646002189504060tmp"/>
    <property name="surefire.test.class.path" value="D:\CodeSpace\ideaCode\project_demo\target\test-classes;D:\CodeSpace\ideaCode\project_demo\target\classes;D:\software\mvn_repo\org\springframework\boot\spring-boot-starter-web\2.3.0.RELEASE\spring-boot-starter-web-2.3.0.RELEASE.jar;D:\software\mvn_repo\org\springframework\boot\spring-boot-starter\2.3.0.RELEASE\spring-boot-starter-2.3.0.RELEASE.jar;D:\software\mvn_repo\org\springframework\boot\spring-boot\2.3.0.RELEASE\spring-boot-2.3.0.RELEASE.jar;D:\software\mvn_repo\org\springframework\boot\spring-boot-autoconfigure\2.3.0.RELEASE\spring-boot-autoconfigure-2.3.0.RELEASE.jar;D:\software\mvn_repo\org\springframework\boot\spring-boot-starter-logging\2.3.0.RELEASE\spring-boot-starter-logging-2.3.0.RELEASE.jar;D:\software\mvn_repo\ch\qos\logback\logback-classic\1.2.3\logback-classic-1.2.3.jar;D:\software\mvn_repo\ch\qos\logback\logback-core\1.2.3\logback-core-1.2.3.jar;D:\software\mvn_repo\org\apache\logging\log4j\log4j-to-slf4j\2.13.2\log4j-to-slf4j-2.13.2.jar;D:\software\mvn_repo\org\apache\logging\log4j\log4j-api\2.13.2\log4j-api-2.13.2.jar;D:\software\mvn_repo\org\slf4j\jul-to-slf4j\1.7.30\jul-to-slf4j-1.7.30.jar;D:\software\mvn_repo\jakarta\annotation\jakarta.annotation-api\1.3.5\jakarta.annotation-api-1.3.5.jar;D:\software\mvn_repo\org\yaml\snakeyaml\1.26\snakeyaml-1.26.jar;D:\software\mvn_repo\org\springframework\boot\spring-boot-starter-json\2.3.0.RELEASE\spring-boot-starter-json-2.3.0.RELEASE.jar;D:\software\mvn_repo\com\fasterxml\jackson\core\jackson-databind\2.11.0\jackson-databind-2.11.0.jar;D:\software\mvn_repo\com\fasterxml\jackson\core\jackson-annotations\2.11.0\jackson-annotations-2.11.0.jar;D:\software\mvn_repo\com\fasterxml\jackson\core\jackson-core\2.11.0\jackson-core-2.11.0.jar;D:\software\mvn_repo\com\fasterxml\jackson\datatype\jackson-datatype-jdk8\2.11.0\jackson-datatype-jdk8-2.11.0.jar;D:\software\mvn_repo\com\fasterxml\jackson\datatype\jackson-datatype-jsr310\2.11.0\jackson-datatype-jsr310-2.11.0.jar;D:\software\mvn_repo\com\fasterxml\jackson\module\jackson-module-parameter-names\2.11.0\jackson-module-parameter-names-2.11.0.jar;D:\software\mvn_repo\org\springframework\boot\spring-boot-starter-tomcat\2.3.0.RELEASE\spring-boot-starter-tomcat-2.3.0.RELEASE.jar;D:\software\mvn_repo\org\apache\tomcat\embed\tomcat-embed-core\9.0.35\tomcat-embed-core-9.0.35.jar;D:\software\mvn_repo\org\glassfish\jakarta.el\3.0.3\jakarta.el-3.0.3.jar;D:\software\mvn_repo\org\apache\tomcat\embed\tomcat-embed-websocket\9.0.35\tomcat-embed-websocket-9.0.35.jar;D:\software\mvn_repo\org\springframework\spring-web\5.2.6.RELEASE\spring-web-5.2.6.RELEASE.jar;D:\software\mvn_repo\org\springframework\spring-beans\5.2.6.RELEASE\spring-beans-5.2.6.RELEASE.jar;D:\software\mvn_repo\org\springframework\spring-webmvc\5.2.6.RELEASE\spring-webmvc-5.2.6.RELEASE.jar;D:\software\mvn_repo\org\springframework\spring-aop\5.2.6.RELEASE\spring-aop-5.2.6.RELEASE.jar;D:\software\mvn_repo\org\springframework\spring-context\5.2.6.RELEASE\spring-context-5.2.6.RELEASE.jar;D:\software\mvn_repo\org\springframework\spring-expression\5.2.6.RELEASE\spring-expression-5.2.6.RELEASE.jar;D:\software\mvn_repo\org\mybatis\spring\boot\mybatis-spring-boot-starter\2.0.0\mybatis-spring-boot-starter-2.0.0.jar;D:\software\mvn_repo\org\springframework\boot\spring-boot-starter-jdbc\2.3.0.RELEASE\spring-boot-starter-jdbc-2.3.0.RELEASE.jar;D:\software\mvn_repo\com\zaxxer\HikariCP\3.4.5\HikariCP-3.4.5.jar;D:\software\mvn_repo\org\springframework\spring-jdbc\5.2.6.RELEASE\spring-jdbc-5.2.6.RELEASE.jar;D:\software\mvn_repo\org\springframework\spring-tx\5.2.6.RELEASE\spring-tx-5.2.6.RELEASE.jar;D:\software\mvn_repo\org\mybatis\spring\boot\mybatis-spring-boot-autoconfigure\2.0.0\mybatis-spring-boot-autoconfigure-2.0.0.jar;D:\software\mvn_repo\org\mybatis\mybatis\3.5.0\mybatis-3.5.0.jar;D:\software\mvn_repo\org\mybatis\mybatis-spring\2.0.0\mybatis-spring-2.0.0.jar;D:\software\mvn_repo\mysql\mysql-connector-java\8.0.20\mysql-connector-java-8.0.20.jar;D:\software\mvn_repo\org\projectlombok\lombok\1.18.12\lombok-1.18.12.jar;D:\software\mvn_repo\com\oracle\ojdbc6\11.2.0.3\ojdbc6-11.2.0.3.jar;D:\software\mvn_repo\org\springframework\boot\spring-boot-starter-test\2.3.0.RELEASE\spring-boot-starter-test-2.3.0.RELEASE.jar;D:\software\mvn_repo\org\springframework\boot\spring-boot-test\2.3.0.RELEASE\spring-boot-test-2.3.0.RELEASE.jar;D:\software\mvn_repo\org\springframework\boot\spring-boot-test-autoconfigure\2.3.0.RELEASE\spring-boot-test-autoconfigure-2.3.0.RELEASE.jar;D:\software\mvn_repo\com\jayway\jsonpath\json-path\2.4.0\json-path-2.4.0.jar;D:\software\mvn_repo\net\minidev\json-smart\2.3\json-smart-2.3.jar;D:\software\mvn_repo\net\minidev\accessors-smart\1.2\accessors-smart-1.2.jar;D:\software\mvn_repo\org\ow2\asm\asm\5.0.4\asm-5.0.4.jar;D:\software\mvn_repo\org\slf4j\slf4j-api\1.7.30\slf4j-api-1.7.30.jar;D:\software\mvn_repo\jakarta\xml\bind\jakarta.xml.bind-api\2.3.3\jakarta.xml.bind-api-2.3.3.jar;D:\software\mvn_repo\jakarta\activation\jakarta.activation-api\1.2.2\jakarta.activation-api-1.2.2.jar;D:\software\mvn_repo\org\assertj\assertj-core\3.16.1\assertj-core-3.16.1.jar;D:\software\mvn_repo\org\hamcrest\hamcrest\2.2\hamcrest-2.2.jar;D:\software\mvn_repo\org\junit\jupiter\junit-jupiter\5.6.2\junit-jupiter-5.6.2.jar;D:\software\mvn_repo\org\junit\jupiter\junit-jupiter-api\5.6.2\junit-jupiter-api-5.6.2.jar;D:\software\mvn_repo\org\opentest4j\opentest4j\1.2.0\opentest4j-1.2.0.jar;D:\software\mvn_repo\org\junit\platform\junit-platform-commons\1.6.2\junit-platform-commons-1.6.2.jar;D:\software\mvn_repo\org\junit\jupiter\junit-jupiter-params\5.6.2\junit-jupiter-params-5.6.2.jar;D:\software\mvn_repo\org\junit\jupiter\junit-jupiter-engine\5.6.2\junit-jupiter-engine-5.6.2.jar;D:\software\mvn_repo\org\junit\vintage\junit-vintage-engine\5.6.2\junit-vintage-engine-5.6.2.jar;D:\software\mvn_repo\org\apiguardian\apiguardian-api\1.1.0\apiguardian-api-1.1.0.jar;D:\software\mvn_repo\org\junit\platform\junit-platform-engine\1.6.2\junit-platform-engine-1.6.2.jar;D:\software\mvn_repo\junit\junit\4.13\junit-4.13.jar;D:\software\mvn_repo\org\mockito\mockito-core\3.3.3\mockito-core-3.3.3.jar;D:\software\mvn_repo\net\bytebuddy\byte-buddy\1.10.10\byte-buddy-1.10.10.jar;D:\software\mvn_repo\net\bytebuddy\byte-buddy-agent\1.10.10\byte-buddy-agent-1.10.10.jar;D:\software\mvn_repo\org\objenesis\objenesis\2.6\objenesis-2.6.jar;D:\software\mvn_repo\org\mockito\mockito-junit-jupiter\3.3.3\mockito-junit-jupiter-3.3.3.jar;D:\software\mvn_repo\org\skyscreamer\jsonassert\1.5.0\jsonassert-1.5.0.jar;D:\software\mvn_repo\com\vaadin\external\google\android-json\0.0.20131108.vaadin1\android-json-0.0.20131108.vaadin1.jar;D:\software\mvn_repo\org\springframework\spring-core\5.2.6.RELEASE\spring-core-5.2.6.RELEASE.jar;D:\software\mvn_repo\org\springframework\spring-jcl\5.2.6.RELEASE\spring-jcl-5.2.6.RELEASE.jar;D:\software\mvn_repo\org\springframework\spring-test\5.2.6.RELEASE\spring-test-5.2.6.RELEASE.jar;D:\software\mvn_repo\org\xmlunit\xmlunit-core\2.7.0\xmlunit-core-2.7.0.jar;D:\software\mvn_repo\com\github\pagehelper\pagehelper-spring-boot-starter\1.2.12\pagehelper-spring-boot-starter-1.2.12.jar;D:\software\mvn_repo\com\github\pagehelper\pagehelper-spring-boot-autoconfigure\1.2.12\pagehelper-spring-boot-autoconfigure-1.2.12.jar;D:\software\mvn_repo\com\github\pagehelper\pagehelper\5.1.10\pagehelper-5.1.10.jar;D:\software\mvn_repo\com\github\jsqlparser\jsqlparser\2.0\jsqlparser-2.0.jar;D:\software\mvn_repo\org\apache\shiro\shiro-spring\1.4.2\shiro-spring-1.4.2.jar;D:\software\mvn_repo\org\apache\shiro\shiro-core\1.4.2\shiro-core-1.4.2.jar;D:\software\mvn_repo\org\apache\shiro\shiro-lang\1.4.2\shiro-lang-1.4.2.jar;D:\software\mvn_repo\org\apache\shiro\shiro-cache\1.4.2\shiro-cache-1.4.2.jar;D:\software\mvn_repo\org\apache\shiro\shiro-crypto-hash\1.4.2\shiro-crypto-hash-1.4.2.jar;D:\software\mvn_repo\org\apache\shiro\shiro-crypto-core\1.4.2\shiro-crypto-core-1.4.2.jar;D:\software\mvn_repo\org\apache\shiro\shiro-crypto-cipher\1.4.2\shiro-crypto-cipher-1.4.2.jar;D:\software\mvn_repo\org\apache\shiro\shiro-config-core\1.4.2\shiro-config-core-1.4.2.jar;D:\software\mvn_repo\org\apache\shiro\shiro-config-ogdl\1.4.2\shiro-config-ogdl-1.4.2.jar;D:\software\mvn_repo\commons-beanutils\commons-beanutils\1.9.3\commons-beanutils-1.9.3.jar;D:\software\mvn_repo\commons-collections\commons-collections\3.2.2\commons-collections-3.2.2.jar;D:\software\mvn_repo\org\apache\shiro\shiro-event\1.4.2\shiro-event-1.4.2.jar;D:\software\mvn_repo\org\apache\shiro\shiro-web\1.4.2\shiro-web-1.4.2.jar;"/>
    <property name="sun.cpu.endian" value="little"/>
    <property name="user.home" value="C:\Users\asda"/>
    <property name="user.language" value="zh"/>
    <property name="java.specification.vendor" value="Oracle Corporation"/>
    <property name="java.home" value="C:\Program Files\Java\jdk1.8.0_261\jre"/>
    <property name="basedir" value="D:\CodeSpace\ideaCode\project_demo"/>
    <property name="file.separator" value="\"/>
    <property name="line.separator" value="&#10;"/>
    <property name="java.vm.specification.vendor" value="Oracle Corporation"/>
    <property name="java.specification.name" value="Java Platform API Specification"/>
    <property name="java.awt.graphicsenv" value="sun.awt.Win32GraphicsEnvironment"/>
    <property name="surefire.real.class.path" value="C:\Users\asda\AppData\Local\Temp\surefire3948253489406411756\surefirebooter3996196126740073047.jar"/>
    <property name="sun.boot.class.path" value="C:\Program Files\Java\jdk1.8.0_261\jre\lib\resources.jar;C:\Program Files\Java\jdk1.8.0_261\jre\lib\rt.jar;C:\Program Files\Java\jdk1.8.0_261\jre\lib\sunrsasign.jar;C:\Program Files\Java\jdk1.8.0_261\jre\lib\jsse.jar;C:\Program Files\Java\jdk1.8.0_261\jre\lib\jce.jar;C:\Program Files\Java\jdk1.8.0_261\jre\lib\charsets.jar;C:\Program Files\Java\jdk1.8.0_261\jre\lib\jfr.jar;C:\Program Files\Java\jdk1.8.0_261\jre\classes"/>
    <property name="user.script" value=""/>
    <property name="sun.management.compiler" value="HotSpot 64-Bit Tiered Compilers"/>
    <property name="java.runtime.version" value="1.8.0_261-b12"/>
    <property name="user.name" value="asda"/>
    <property name="path.separator" value=";"/>
    <property name="os.version" value="10.0"/>
    <property name="java.endorsed.dirs" value="C:\Program Files\Java\jdk1.8.0_261\jre\lib\endorsed"/>
    <property name="java.runtime.name" value="Java(TM) SE Runtime Environment"/>
    <property name="file.encoding" value="GBK"/>
    <property name="java.vm.name" value="Java HotSpot(TM) 64-Bit Server VM"/>
    <property name="localRepository" value="D:\software\mvn_repo"/>
    <property name="java.vendor.url.bug" value="http://bugreport.sun.com/bugreport/"/>
    <property name="java.io.tmpdir" value="C:\Users\asda\AppData\Local\Temp\"/>
    <property name="java.version" value="1.8.0_261"/>
    <property name="user.dir" value="D:\CodeSpace\ideaCode\project_demo"/>
    <property name="os.arch" value="amd64"/>
    <property name="java.vm.specification.name" value="Java Virtual Machine Specification"/>
    <property name="java.awt.printerjob" value="sun.awt.windows.WPrinterJob"/>
    <property name="sun.os.patch.level" value=""/>
    <property name="idea.version2019.3.5" value="true"/>
    <property name="java.library.path" value="C:\Program Files\Java\jdk1.8.0_261\jre\bin;C:\Windows\Sun\Java\bin;C:\Windows\system32;C:\Windows;C:\Program Files (x86)\Common Files\Oracle\Java\javapath;C:\Windows\system32;C:\Windows;C:\Windows\System32\Wbem;C:\Windows\System32\WindowsPowerShell\v1.0\;C:\Windows\System32\OpenSSH\;C:\Program Files (x86)\NVIDIA Corporation\PhysX\Common;C:\Program Files\NVIDIA Corporation\NVIDIA NvDLISR;C:\Program Files\Java\jdk1.8.0_261\bin;C:\Program Files\Java\jdk1.8.0_261\jre\bin;D:\Program Files\MySQL\MySQL Server 5.5\bin;D:\software\MySQL\MySQL Server 5.5\bin;C:\Windows\system32;D:\software\apache-maven-3.3.9\bin;D:\software\Git\cmd;D:\software\TortoiseGit\bin;C:\Users\asda\AppData\Local\Microsoft\WindowsApps;;."/>
    <property name="java.vm.info" value="mixed mode"/>
    <property name="java.vendor" value="Oracle Corporation"/>
    <property name="java.vm.version" value="25.261-b12"/>
    <property name="java.ext.dirs" value="C:\Program Files\Java\jdk1.8.0_261\jre\lib\ext;C:\Windows\Sun\Java\lib\ext"/>
    <property name="sun.io.unicode.encoding" value="UnicodeLittle"/>
    <property name="maven.repo.local" value="D:\software\mvn_repo"/>
    <property name="java.class.version" value="52.0"/>
  </properties>
  <testcase name="contextLoads" classname="cn.stephen.study.demoproject.DemoprojectApplicationTests" time="0.216"/>
</testsuite>